<?xml version="1.0" encoding="UTF-8"?>
<testng-results skipped="0" failed="0" ignored="0" total="1" passed="1">
  <reporter-output>
  </reporter-output>
  <suite name="com.srinivas.com.testproject.EmployeeTest" duration-ms="17" started-at="2017-03-19T06:00:55Z" finished-at="2017-03-19T06:00:55Z">
    <groups>
    </groups>
    <test name="Command line test" duration-ms="17" started-at="2017-03-19T06:00:55Z" finished-at="2017-03-19T06:00:55Z">
      <class name="com.srinivas.com.testproject.EmployeeTest">
        <test-method status="PASS" signature="testName()[pri:0, instance:com.srinivas.com.testproject.EmployeeTest@11531931]" name="testName" duration-ms="5" started-at="2017-03-19T11:30:55Z" finished-at="2017-03-19T11:30:55Z">
          <reporter-output>
          </reporter-output>
        </test-method> <!-- testName -->
      </class> <!-- com.srinivas.com.testproject.EmployeeTest -->
    </test> <!-- Command line test -->
  </suite> <!-- com.srinivas.com.testproject.EmployeeTest -->
</testng-results>
