<?xml version="1.0" encoding="UTF-8"?>
<!-- Generated by org.testng.reporters.JUnitXMLReporter -->
<testsuite hostname="Srinivas-PC" ignored="0" name="Command line test" tests="1" failures="1" timestamp="19 Mar 2017 05:50:17 GMT" time="0.02" errors="0">
  <testcase name="testName" time="0.008" classname="com.srinivas.com.testproject.EmployeeTest">
    <failure type="junit.framework.ComparisonFailure" message="expected:&amp;lt;Sriniva[]&amp;gt; but was:&amp;lt;Sriniva[s]&amp;gt;">
      <![CDATA[junit.framework.ComparisonFailure: expected:<Sriniva[]> but was:<Sriniva[s]>
	at junit.framework.Assert.assertEquals(Assert.java:100)
	at junit.framework.Assert.assertEquals(Assert.java:107)
	at com.srinivas.com.testproject.EmployeeTest.testName(EmployeeTest.java:15)
... Removed 34 stack frames]]>
    </failure>
  </testcase> <!-- testName -->
</testsuite> <!-- Command line test -->
